RECTANGLE (name:rec1) (x:5) (y:5) (width:5) (height:10) (area:50.000000) (fill:o) (draw_amount:0)
************************************************************************************************
*                                                                                              *
*                                                                                              *
*                                                                                              *
*                                                                                              *
*                                                                                              *
*     ooooo                                                                                    *
*     ooooo                                                                                    *
*     ooooo                                                                                    *
*     ooooo                                                                                    *
*     ooooo                                                                                    *
*     ooooo                                                                                    *
*     ooooo                                                                                    *
*     ooooo                                                                                    *
*     ooooo                                                                                    *
*     ooooo                                                                                    *
*                                                                                              *
*                                                                                              *
*                                                                                              *
*                                                                                              *
*                                                                                              *
*                                                                                              *
*                                                                                              *
*                                                                                              *
*                                                                                              *
*                                                                                              *
*                                                                                              *
*                                                                                              *
*                                                                                              *
*                                                                                              *
*                                                                                              *
************************************************************************************************

RECTANGLE (name:rec1) (x:5) (y:5) (width:5) (height:10) (area:50.000000) (fill:o) (draw_amount:1)
************************************************************************************************
*                                                                                              *
*                                                                                              *
*                                                                                              *
*                                                                                              *
*                                                                                              *
*     oooooooooo                                                                               *
*     oooooooooo                                                                               *
*     oooooooooo                                                                               *
*     oooooooooo                                                                               *
*     oooooooooo                                                                               *
*     oooooooooo                                                                               *
*     oooooooooo                                                                               *
*     oooooooooo                                                                               *
*     oooooooooo                                                                               *
*     oooooooooo                                                                               *
*     oooooooooo                                                                               *
*     oooooooooo                                                                               *
*     oooooooooo                                                                               *
*     oooooooooo                                                                               *
*     oooooooooo                                                                               *
*     oooooooooo                                                                               *
*     oooooooooo                                                                               *
*     oooooooooo                                                                               *
*     oooooooooo                                                                               *
*     oooooooooo                                                                               *
*                                                                                              *
*                                                                                              *
*                                                                                              *
*                                                                                              *
*                                                                                              *
************************************************************************************************

************************************************************************************************
*                                                                                              *
*                                                                                              *
*                                                                                              *
*                                                                                              *
*                                                                                              *
*     ooooo                                                                                    *
*     ooooo                                                                                    *
*     ooooo                                                                                    *
*     ooooo                                                                                    *
*     ooooo                                                                                    *
*     ooooo                                                                                    *
*     ooooo                                                                                    *
*     ooooo                                                                                    *
*     ooooo                                                                                    *
*     ooooo                                                                                    *
*                                                                                              *
*                                                                                              *
*                                                                                              *
*                                                                                              *
*                                                                                              *
*                                                                                              *
*                                                                                              *
*                                                                                              *
*                                                                                              *
*                                                                                              *
*                                                                                              *
*                                                                                              *
*                                                                                              *
*                                                                                              *
*                                                                                              *
************************************************************************************************

************************************************************************************************
*                                                                                              *
*                                                                                              *
*                                                                                              *
*                                                                                              *
*                                                                                              *
*              XXXXXXXXXXXXXXXXXXXXXXXXXXXXXX                                                  *
*             XXXXXXXXXXXXXXXXXXXXXXXXXXXXXX                                                   *
*            XXXXXXXXXXXXXXXXXXXXXXXXXXXXXX                                                    *
*           XXXXXXXXXXXXXXXXXXXXXXXXXXXXXX                                                     *
*          XXXXXXXXXXXXXXXXXXXXXXXXXXXXXX                                                      *
*         XXXXXXXXXXXXXXXXXXXXXXXXXXXXXX                                                       *
*        XXXXXXXXXXXXXXXXXXXXXXXXXXXXXX                                                        *
*       XXXXXXXXXXXXXXXXXXXXXXXXXXXXXX                                                         *
*      XXXXXXXXXXXXXXXXXXXXXXXXXXXXXX                                                          *
*     XXXXXXXXXXXXXXXXXXXXXXXXXXXXXX                                                           *
*                                                                                              *
*                                                                                              *
*                                                                                              *
*                                                                                              *
*                                                                                              *
*                                                                                              *
*                                                                                              *
*                                                                                              *
*                                                                                              *
*                                                                                              *
*                                                                                              *
*                                                                                              *
*                                                                                              *
*                                                                                              *
*                                                                                              *
************************************************************************************************

PARALLELOGRAM (name:par) (x:5) (y:5) (width:30) (height:10) (area:300.000000) (fill:X) (draw_amount:1)
************************************************************************************************
*                                                                                              *
*                                                                                              *
*                                                                                              *
*                                                                                              *
*                                                                                              *
*                        @                                                                     *
*                       @@@                                                                    *
*                      @@@@@                                                                   *
*                     @@@@@@@                                                                  *
*                    @@@@@@@@@                                                                 *
*                   @@@@@@@@@@@                                                                *
*                  @@@@@@@@@@@@@                                                               *
*                 @@@@@@@@@@@@@@@                                                              *
*                @@@@@@@@@@@@@@@@@                                                             *
*               @@@@@@@@@@@@@@@@@@@                                                            *
*              @@@@@@@@@@@@@@@@@@@@@                                                           *
*             @@@@@@@@@@@@@@@@@@@@@@@                                                          *
*            @@@@@@@@@@@@@@@@@@@@@@@@@                                                         *
*           @@@@@@@@@@@@@@@@@@@@@@@@@@@                                                        *
*          @@@@@@@@@@@@@@@@@@@@@@@@@@@@@                                                       *
*         @@@@@@@@@@@@@@@@@@@@@@@@@@@@@@@                                                      *
*        @@@@@@@@@@@@@@@@@@@@@@@@@@@@@@@@@                                                     *
*       @@@@@@@@@@@@@@@@@@@@@@@@@@@@@@@@@@@                                                    *
*      @@@@@@@@@@@@@@@@@@@@@@@@@@@@@@@@@@@@@                                                   *
*     @@@@@@@@@@@@@@@@@@@@@@@@@@@@@@@@@@@@@@@                                                  *
*                                                                                              *
*                                                                                              *
*                                                                                              *
*                                                                                              *
*                                                                                              *
************************************************************************************************

TRIANGLE (name:x) (x:5) (y:5) (height:20) (area:390.000000) (direction:UP) (fill:@) (draw_amount:1)
************************************************************************************************
*                                                                                              *
*                                                                                              *
*                                                                                              *
*   %%%%%%%%%                                                                                  *
*    %%%%%%%                                                                                   *
*     %%%%%                                                                                    *
*      %%%                                                                                     *
*       %                                                                                      *
*       %                                                                                      *
*      %%%                                                                                     *
*     %%%%%                                                                                    *
*    %%%%%%%                                                                                   *
*                                                                                              *
*                                                                                              *
*                                                                                              *
*                                                                                              *
*                                                                                              *
*                                                                                              *
*                                                                                              *
*                                                                                              *
*                                                                                              *
*                                                                                              *
*                                                                                              *
*                                                                                              *
*                                                                                              *
*                                                                                              *
*                                                                                              *
*                                                                                              *
*                                                                                              *
*                                                                                              *
************************************************************************************************

HOURGLASS (name:hour) (x:3) (y:3) (height:9) (area:36.500000) (fill:%) (draw_amount:1)
Invalid command.
