RECTANGLE (name:x) (x:4) (y:4) (width:2) (height:2) (area:4.000000) (fill:O) (draw_amount:0)
************************************************************************************************
*                                                                                              *
*                                                                                              *
*                                                                                              *
*                                                                                              *
*    OO                                                                                        *
*    OO                                                                                        *
*                                                                                              *
*                                                                                              *
*                                                                                              *
*                                                                                              *
*                                                                                              *
*                                                                                              *
*                                                                                              *
*                                                                                              *
*                                                                                              *
*                                                                                              *
*                                                                                              *
*                                                                                              *
*                                                                                              *
*                                                                                              *
*                                                                                              *
*                                                                                              *
*                                                                                              *
*                                                                                              *
*                                                                                              *
*                                                                                              *
*                                                                                              *
*                                                                                              *
*                                                                                              *
*                                                                                              *
************************************************************************************************

RECTANGLE (name:x) (x:4) (y:4) (width:2) (height:2) (area:4.000000) (fill:O) (draw_amount:1)
RECTANGLE (name:x) (x:4) (y:4) (width:4) (height:4) (area:16.000000) (fill:O) (draw_amount:1)
************************************************************************************************
*                                                                                              *
*                                                                                              *
*                                                                                              *
*                                                                                              *
*    OOOO                                                                                      *
*    OOOO                                                                                      *
*    OOOO                                                                                      *
*    OOOO                                                                                      *
*                                                                                              *
*                                                                                              *
*                                                                                              *
*                                                                                              *
*                                                                                              *
*                                                                                              *
*                                                                                              *
*                                                                                              *
*                                                                                              *
*                                                                                              *
*                                                                                              *
*                                                                                              *
*                                                                                              *
*                                                                                              *
*                                                                                              *
*                                                                                              *
*                                                                                              *
*                                                                                              *
*                                                                                              *
*                                                                                              *
*                                                                                              *
*                                                                                              *
************************************************************************************************

RECTANGLE (name:x) (x:4) (y:4) (width:4) (height:4) (area:16.000000) (fill:O) (draw_amount:2)
