RECTANGLE (name:x) (x:20) (y:0) (width:4) (height:4) (area:16.000000) (fill:O) (draw_amount:0)
Invalid command.
Invalid command.
Invalid command.
************************************************************************************************
*                    OOOO                                                                      *
*                    OOOO                                                                      *
*                    OOOO                                                                      *
*                    OOOO                                                                      *
*                                                                                              *
*                                                                                              *
*                                                                                              *
*                                                                                              *
*                                                                                              *
*                                                                                              *
*                                                                                              *
*                                                                                              *
*                                                                                              *
*                                                                                              *
*                                                                                              *
*                                                                                              *
*                                                                                              *
*                                                                                              *
*                                                                                              *
*                                                                                              *
*                                                                                              *
*                                                                                              *
*                                                                                              *
*                                                                                              *
*                                                                                              *
*                                                                                              *
*                                                                                              *
*                                                                                              *
*                                                                                              *
*                                                                                              *
************************************************************************************************

Invalid command.
