HOURGLASS (name:hour) (x:4) (y:4) (height:25) (area:300.500000) (fill:H) (draw_amount:0)
************************************************************************************************
*                                                                                              *
*                                                                                              *
*                                                                                              *
*                                                                                              *
*    HHHHHHHHHHHHHHHHHHHHHHHHH                                                                 *
*     HHHHHHHHHHHHHHHHHHHHHHH                                                                  *
*      HHHHHHHHHHHHHHHHHHHHH                                                                   *
*       HHHHHHHHHHHHHHHHHHH                                                                    *
*        HHHHHHHHHHHHHHHHH                                                                     *
*         HHHHHHHHHHHHHHH                                                                      *
*          HHHHHHHHHHHHH                                                                       *
*           HHHHHHHHHHH                                                                        *
*            HHHHHHHHH                                                                         *
*             HHHHHHH                                                                          *
*              HHHHH                                                                           *
*               HHH                                                                            *
*                H                                                                             *
*                H                                                                             *
*               HHH                                                                            *
*              HHHHH                                                                           *
*             HHHHHHH                                                                          *
*            HHHHHHHHH                                                                         *
*           HHHHHHHHHHH                                                                        *
*          HHHHHHHHHHHHH                                                                       *
*         HHHHHHHHHHHHHHH                                                                      *
*        HHHHHHHHHHHHHHHHH                                                                     *
*       HHHHHHHHHHHHHHHHHHH                                                                    *
*      HHHHHHHHHHHHHHHHHHHHH                                                                   *
*     HHHHHHHHHHHHHHHHHHHHHHH                                                                  *
*                                                                                              *
************************************************************************************************

HOURGLASS (name:hour) (x:4) (y:4) (height:25) (area:300.500000) (fill:H) (draw_amount:1)
