RECTANGLE (name:x) (x:0) (y:0) (width:4) (height:4) (area:16.000000) (fill:O) (draw_amount:0)
************************************************************************************************
*OOOO                                                                                          *
*OOOO                                                                                          *
*OOOO                                                                                          *
*OOOO                                                                                          *
*                                                                                              *
*                                                                                              *
*                                                                                              *
*                                                                                              *
*                                                                                              *
*                                                                                              *
*                                                                                              *
*                                                                                              *
*                                                                                              *
*                                                                                              *
*                                                                                              *
*                                                                                              *
*                                                                                              *
*                                                                                              *
*                                                                                              *
*                                                                                              *
*                                                                                              *
*                                                                                              *
*                                                                                              *
*                                                                                              *
*                                                                                              *
*                                                                                              *
*                                                                                              *
*                                                                                              *
*                                                                                              *
*                                                                                              *
************************************************************************************************

TRIANGLE (name:x) (x:5) (y:5) (height:10) (area:95.000000) (direction:DOWN) (fill:0) (draw_amount:0)
************************************************************************************************
*                                                                                              *
*                                                                                              *
*                                                                                              *
*                                                                                              *
*                                                                                              *
*     0000000000000000000                                                                      *
*      00000000000000000                                                                       *
*       000000000000000                                                                        *
*        0000000000000                                                                         *
*         00000000000                                                                          *
*          000000000                                                                           *
*           0000000                                                                            *
*            00000                                                                             *
*             000                                                                              *
*              0                                                                               *
*                                                                                              *
*                                                                                              *
*                                                                                              *
*                                                                                              *
*                                                                                              *
*                                                                                              *
*                                                                                              *
*                                                                                              *
*                                                                                              *
*                                                                                              *
*                                                                                              *
*                                                                                              *
*                                                                                              *
*                                                                                              *
*                                                                                              *
************************************************************************************************

TRIANGLE (name:x) (x:5) (y:5) (height:10) (area:95.000000) (direction:DOWN) (fill:0) (draw_amount:1)
